<?xml version="1.0" encoding="UTF-8"?>
<testsuites name="jest tests" tests="4" failures="0" errors="0" time="0.368">
  <testsuite name="Server API Tests" errors="0" failures="0" skipped="0" timestamp="2025-09-07T20:10:11" time="0.328" tests="4">
    <testcase classname="Server API Tests GET / should return welcome message" name="Server API Tests GET / should return welcome message" time="0.019">
    </testcase>
    <testcase classname="Server API Tests GET /health should return health status" name="Server API Tests GET /health should return health status" time="0.004">
    </testcase>
    <testcase classname="Server API Tests GET /api/version should return API version" name="Server API Tests GET /api/version should return API version" time="0.002">
    </testcase>
    <testcase classname="Server API Tests GET /nonexistent should return 404" name="Server API Tests GET /nonexistent should return 404" time="0.002">
    </testcase>
  </testsuite>
</testsuites>